Arguments: 
  /Users/warungpintar/.nvm/versions/node/v14.16.0/bin/node /usr/local/Cellar/yarn/1.22.10/libexec/bin/yarn.js add @wartech/feature-toggle-core

PATH: 
  /Users/warungpintar/Workspace/google-cloud-sdk/bin:/usr/local/opt/python/libexec/bin:/Users/warungpintar/.nvm/versions/node/v14.16.0/bin:/usr/local/bin:/usr/bin:/bin:/usr/sbin:/sbin:/usr/local/go/bin:/Library/Apple/usr/bin:/Users/warungpintar/Workspace/google-cloud-sdk/bin:/usr/local/opt/python/libexec/bin:/Users/warungpintar/.nvm/versions/node/v14.16.0/bin:/Users/warungpintar/Library/Python/3.9/bin:/Users/warungpintar/Library/Android/sdk/emulator:/Users/warungpintar/Library/Android/sdk/tools:/Users/warungpintar/Library/Android/sdk/tools/bin:/Users/warungpintar/Library/Android/sdk/platform-tools:/Users/warungpintar/Library/Python/3.9/bin:/Users/warungpintar/Library/Android/sdk/emulator:/Users/warungpintar/Library/Android/sdk/tools:/Users/warungpintar/Library/Android/sdk/tools/bin:/Users/warungpintar/Library/Android/sdk/platform-tools

Yarn version: 
  1.22.10

Node version: 
  14.16.0

Platform: 
  darwin x64

Trace: 
  Error: https://registry.yarnpkg.com/@wartech%2ffeature-toggle-core: Not found
      at Request.params.callback [as _callback] (/usr/local/Cellar/yarn/1.22.10/libexec/lib/cli.js:66988:18)
      at Request.self.callback (/usr/local/Cellar/yarn/1.22.10/libexec/lib/cli.js:140749:22)
      at Request.emit (events.js:315:20)
      at Request.<anonymous> (/usr/local/Cellar/yarn/1.22.10/libexec/lib/cli.js:141721:10)
      at Request.emit (events.js:315:20)
      at IncomingMessage.<anonymous> (/usr/local/Cellar/yarn/1.22.10/libexec/lib/cli.js:141643:12)
      at Object.onceWrapper (events.js:421:28)
      at IncomingMessage.emit (events.js:327:22)
      at endReadableNT (internal/streams/readable.js:1327:12)
      at processTicksAndRejections (internal/process/task_queues.js:80:21)

npm manifest: 
  {
    "name": "@wartech/feature-toggle-adapter-unleash",
    "version": "1.0.0",
    "description": "Unleash feature flag service adapter",
    "main": "dist/index.js",
    "typings": "dist/index.d.ts",
    "repository": "https://gitlab.warungpintar.co/wartech/feature-toggle.git",
    "author": "wartech",
    "license": "MIT",
    "private": true,
    "dependencies": {
      "react-unleash-flags": "^1.3.0",
      "tiny-emitter": "^2.1.0"
    },
    "devDependencies": {
      "typescript": "^4.3.2"
    }
  }

yarn manifest: 
  No manifest

Lockfile: 
  # THIS IS AN AUTOGENERATED FILE. DO NOT EDIT THIS FILE DIRECTLY.
  # yarn lockfile v1
  
  
  react-unleash-flags@^1.3.0:
    version "1.3.0"
    resolved "https://registry.yarnpkg.com/react-unleash-flags/-/react-unleash-flags-1.3.0.tgz#1c5ca7e425bc5876d9b15814e3b600a46b86d9ee"
    integrity sha512-7mNs0l48Hx/HQK2jQrPVaQz0rVfvXvvGUDWLZOnR121xwvdYBl4z+c2osOVte7SoGYNB2SugdA4jZqTAkUPbew==
  
  tiny-emitter@^2.1.0:
    version "2.1.0"
    resolved "https://registry.yarnpkg.com/tiny-emitter/-/tiny-emitter-2.1.0.tgz#1d1a56edfc51c43e863cbb5382a72330e3555423"
    integrity sha512-NB6Dk1A9xgQPMoGqC5CVXn123gWyte215ONT5Pp5a0yt4nlEoO1ZWeCwpncaekPHXO60i47ihFnZPiRPjRMq4Q==
  
  typescript@^4.3.2:
    version "4.3.2"
    resolved "https://registry.yarnpkg.com/typescript/-/typescript-4.3.2.tgz#399ab18aac45802d6f2498de5054fcbbe716a805"
    integrity sha512-zZ4hShnmnoVnAHpVHWpTcxdv7dWP60S2FsydQLV8V5PbS3FifjWFFRiHSWpDJahly88PRyV5teTSLoq4eG7mKw==
